<?xml version="1.0" encoding="UTF-8"?>
<testng-results skipped="0" failed="0" total="1" passed="1">
  <reporter-output>
  </reporter-output>
  <suite name="Default suite" duration-ms="22924" started-at="2018-09-26T08:49:28Z" finished-at="2018-09-26T08:49:51Z">
    <groups>
    </groups>
    <test name="Default test" duration-ms="22924" started-at="2018-09-26T08:49:28Z" finished-at="2018-09-26T08:49:51Z">
      <class name="Base.Login">
        <test-method status="PASS" signature="login()[pri:0, instance:Base.Login@23ceabc1]" name="login" duration-ms="22904" started-at="2018-09-26T14:19:28Z" finished-at="2018-09-26T14:19:51Z">
          <reporter-output>
          </reporter-output>
        </test-method> <!-- login -->
      </class> <!-- Base.Login -->
    </test> <!-- Default test -->
  </suite> <!-- Default suite -->
</testng-results>
